  AppDelegate.cpp
  HelloWorldScene.cpp
  main.cpp
d:\cpp\cocos_portfolio\legendofkeepersprologue\cocos2d\cocos\physics\ccphysicsbody.h : warning C4819: 현재 코드 페이지(949)에서 표시할 수 없는 문자가 파일에 들어 있습니다. 데이터가 손실되지 않게 하려면 해당 파일을 유니코드 형식으로 저장하십시오. (소스 파일 컴파일 중 main.cpp)
d:\cpp\cocos_portfolio\legendofkeepersprologue\cocos2d\cocos\physics\ccphysicsshape.h : warning C4819: 현재 코드 페이지(949)에서 표시할 수 없는 문자가 파일에 들어 있습니다. 데이터가 손실되지 않게 하려면 해당 파일을 유니코드 형식으로 저장하십시오. (소스 파일 컴파일 중 main.cpp)
d:\cpp\cocos_portfolio\legendofkeepersprologue\cocos2d\cocos\physics\ccphysicsbody.h : warning C4819: 현재 코드 페이지(949)에서 표시할 수 없는 문자가 파일에 들어 있습니다. 데이터가 손실되지 않게 하려면 해당 파일을 유니코드 형식으로 저장하십시오. (소스 파일 컴파일 중 ..\Classes\HelloWorldScene.cpp)
d:\cpp\cocos_portfolio\legendofkeepersprologue\cocos2d\cocos\physics\ccphysicsshape.h : warning C4819: 현재 코드 페이지(949)에서 표시할 수 없는 문자가 파일에 들어 있습니다. 데이터가 손실되지 않게 하려면 해당 파일을 유니코드 형식으로 저장하십시오. (소스 파일 컴파일 중 ..\Classes\HelloWorldScene.cpp)
d:\cpp\cocos_portfolio\legendofkeepersprologue\cocos2d\cocos\physics\ccphysicsbody.h : warning C4819: 현재 코드 페이지(949)에서 표시할 수 없는 문자가 파일에 들어 있습니다. 데이터가 손실되지 않게 하려면 해당 파일을 유니코드 형식으로 저장하십시오. (소스 파일 컴파일 중 ..\Classes\AppDelegate.cpp)
d:\cpp\cocos_portfolio\legendofkeepersprologue\cocos2d\cocos\physics\ccphysicsshape.h : warning C4819: 현재 코드 페이지(949)에서 표시할 수 없는 문자가 파일에 들어 있습니다. 데이터가 손실되지 않게 하려면 해당 파일을 유니코드 형식으로 저장하십시오. (소스 파일 컴파일 중 ..\Classes\AppDelegate.cpp)
d:\cpp\cocos_portfolio\legendofkeepersprologue\cocos2d\cocos\base\ccutf8.h : warning C4819: 현재 코드 페이지(949)에서 표시할 수 없는 문자가 파일에 들어 있습니다. 데이터가 손실되지 않게 하려면 해당 파일을 유니코드 형식으로 저장하십시오. (소스 파일 컴파일 중 main.cpp)
d:\cpp\cocos_portfolio\legendofkeepersprologue\cocos2d\cocos\base\ccutf8.h : warning C4819: 현재 코드 페이지(949)에서 표시할 수 없는 문자가 파일에 들어 있습니다. 데이터가 손실되지 않게 하려면 해당 파일을 유니코드 형식으로 저장하십시오. (소스 파일 컴파일 중 ..\Classes\AppDelegate.cpp)
d:\cpp\cocos_portfolio\legendofkeepersprologue\cocos2d\cocos\base\ccutf8.h : warning C4819: 현재 코드 페이지(949)에서 표시할 수 없는 문자가 파일에 들어 있습니다. 데이터가 손실되지 않게 하려면 해당 파일을 유니코드 형식으로 저장하십시오. (소스 파일 컴파일 중 ..\Classes\HelloWorldScene.cpp)
d:\cpp\cocos_portfolio\legendofkeepersprologue\cocos2d\cocos\platform\ccsaxparser.h : warning C4819: 현재 코드 페이지(949)에서 표시할 수 없는 문자가 파일에 들어 있습니다. 데이터가 손실되지 않게 하려면 해당 파일을 유니코드 형식으로 저장하십시오. (소스 파일 컴파일 중 main.cpp)
d:\cpp\cocos_portfolio\legendofkeepersprologue\cocos2d\cocos\platform\ccsaxparser.h : warning C4819: 현재 코드 페이지(949)에서 표시할 수 없는 문자가 파일에 들어 있습니다. 데이터가 손실되지 않게 하려면 해당 파일을 유니코드 형식으로 저장하십시오. (소스 파일 컴파일 중 ..\Classes\AppDelegate.cpp)
d:\cpp\cocos_portfolio\legendofkeepersprologue\cocos2d\cocos\platform\ccsaxparser.h : warning C4819: 현재 코드 페이지(949)에서 표시할 수 없는 문자가 파일에 들어 있습니다. 데이터가 손실되지 않게 하려면 해당 파일을 유니코드 형식으로 저장하십시오. (소스 파일 컴파일 중 ..\Classes\HelloWorldScene.cpp)
AppDelegate.obj : warning LNK4075: '/EDITANDCONTINUE'이(가) '/SAFESEH' 사양으로 인해 무시됩니다.
     D:\cpp\cocos_portfolio\LegendOfKeepersPrologue\proj.win32\Debug.win32\LegendOfKeepersPrologue.lib 라이브러리 및 D:\cpp\cocos_portfolio\LegendOfKeepersPrologue\proj.win32\Debug.win32\LegendOfKeepersPrologue.exp 개체를 생성하고 있습니다.
  LegendOfKeepersPrologue.vcxproj -> D:\cpp\cocos_portfolio\LegendOfKeepersPrologue\proj.win32\Debug.win32\LegendOfKeepersPrologue.exe
  Performing Custom Build Step
  D:\cpp\cocos_portfolio\LegendOfKeepersPrologue\Resources\CloseNormal.png -> D:\cpp\cocos_portfolio\LegendOfKeepersPrologue\proj.win32\Debug.win32\Resources\CloseNormal.png
  D:\cpp\cocos_portfolio\LegendOfKeepersPrologue\Resources\CloseSelected.png -> D:\cpp\cocos_portfolio\LegendOfKeepersPrologue\proj.win32\Debug.win32\Resources\CloseSelected.png
  D:\cpp\cocos_portfolio\LegendOfKeepersPrologue\Resources\HelloWorld.png -> D:\cpp\cocos_portfolio\LegendOfKeepersPrologue\proj.win32\Debug.win32\Resources\HelloWorld.png
  D:\cpp\cocos_portfolio\LegendOfKeepersPrologue\Resources\fonts\arial.ttf -> D:\cpp\cocos_portfolio\LegendOfKeepersPrologue\proj.win32\Debug.win32\Resources\fonts\arial.ttf
  D:\cpp\cocos_portfolio\LegendOfKeepersPrologue\Resources\fonts\Marker Felt.ttf -> D:\cpp\cocos_portfolio\LegendOfKeepersPrologue\proj.win32\Debug.win32\Resources\fonts\Marker Felt.ttf
  D:\cpp\cocos_portfolio\LegendOfKeepersPrologue\Resources\res\.gitkeep -> D:\cpp\cocos_portfolio\LegendOfKeepersPrologue\proj.win32\Debug.win32\Resources\res\.gitkeep
  6개 파일이 복사되었습니다.
